<?xml version="1.0" encoding="UTF-8"?>
<testsuite name="ContactTest" tests="6" skipped="0" failures="0" errors="0" timestamp="2015-08-20T23:19:58" hostname="localhost" time="0.003">
  <properties/>
  <testcase name="clear_removesAllContantInstancesFromMemory" classname="ContactTest" time="0.002"/>
  <testcase name="getPhoneList_initiallyreturnsEmptyArrayList" classname="ContactTest" time="0.0"/>
  <testcase name="all_returnsTwoCategories" classname="ContactTest" time="0.0"/>
  <testcase name="getID_returnsCategoryID" classname="ContactTest" time="0.0"/>
  <testcase name="find_returnsContactWithSameId" classname="ContactTest" time="0.0"/>
  <testcase name="getName_returnsName_true" classname="ContactTest" time="0.0"/>
  <system-out><![CDATA[]]></system-out>
  <system-err><![CDATA[]]></system-err>
</testsuite>
